<?xml version="1.0" encoding="UTF-8"?>
<testng-results ignored="0" total="2" passed="2" failed="0" skipped="0">
  <reporter-output>
  </reporter-output>
  <suite started-at="2023-11-30T17:32:51 IST" name="Surefire suite" finished-at="2023-11-30T17:33:34 IST" duration-ms="42200">
    <groups>
    </groups>
    <test started-at="2023-11-30T17:32:51 IST" name="Surefire test" finished-at="2023-11-30T17:33:34 IST" duration-ms="42200">
      <class name="Companyaamir.projectaamir1.ProfileNameTest">
        <test-method signature="profileNameClick()[pri:0, instance:Companyaamir.projectaamir1.ProfileNameTest@2002fc1d]" started-at="2023-11-30T17:33:05 IST" name="profileNameClick" finished-at="2023-11-30T17:33:34 IST" duration-ms="28050" status="PASS">
          <reporter-output>
          </reporter-output>
        </test-method> <!-- profileNameClick -->
      </class> <!-- Companyaamir.projectaamir1.ProfileNameTest -->
      <class name="Companyaamir.projectaamir1.LoginTest">
        <test-method signature="loginTest()[pri:0, instance:Companyaamir.projectaamir1.LoginTest@7770f470]" started-at="2023-11-30T17:32:51 IST" name="loginTest" finished-at="2023-11-30T17:33:05 IST" duration-ms="14107" status="PASS">
          <reporter-output>
          </reporter-output>
        </test-method> <!-- loginTest -->
      </class> <!-- Companyaamir.projectaamir1.LoginTest -->
    </test> <!-- Surefire test -->
  </suite> <!-- Surefire suite -->
</testng-results>
