<?xml version="1.0" encoding="UTF-8"?>
<testng-results ignored="0" total="2" passed="2" failed="0" skipped="0">
  <reporter-output>
  </reporter-output>
  <suite started-at="2023-11-30T17:38:49 IST" name="Suite" finished-at="2023-11-30T17:39:29 IST" duration-ms="39832">
    <groups>
    </groups>
    <test started-at="2023-11-30T17:38:49 IST" name="Test" finished-at="2023-11-30T17:39:29 IST" duration-ms="39832">
      <class name="Companyaamir.projectaamir1.ProfileNameTest">
        <test-method signature="profileNameClick()[pri:0, instance:Companyaamir.projectaamir1.ProfileNameTest@942a29c]" started-at="2023-11-30T17:38:49 IST" name="profileNameClick" finished-at="2023-11-30T17:39:16 IST" duration-ms="26500" status="PASS">
          <reporter-output>
          </reporter-output>
        </test-method> <!-- profileNameClick -->
      </class> <!-- Companyaamir.projectaamir1.ProfileNameTest -->
      <class name="Companyaamir.projectaamir1.LoginTest">
        <test-method signature="loginTest()[pri:0, instance:Companyaamir.projectaamir1.LoginTest@229c6181]" started-at="2023-11-30T17:39:16 IST" name="loginTest" finished-at="2023-11-30T17:39:29 IST" duration-ms="13298" status="PASS">
          <reporter-output>
          </reporter-output>
        </test-method> <!-- loginTest -->
      </class> <!-- Companyaamir.projectaamir1.LoginTest -->
    </test> <!-- Test -->
  </suite> <!-- Suite -->
</testng-results>
